TDF D:\HCL_GIT_DEVOPS\Demo_GIT\cpcgnu64\calculator.tdf
TIO D:\HCL_GIT_DEVOPS\Demo_GIT\cpcgnu64\calculator.tio
DUM cpcgnu64\\calculator.spt.full.bak
RIO cpcgnu64\Tcalculator.rio
TDF 
TIO 
TPF D:\HCL_GIT_DEVOPS\Demo_GIT\cpcgnu64\calculator.tpf
TQF D:\HCL_GIT_DEVOPS\Demo_GIT\cpcgnu64\calculator.tqf
CCF D:\HCL_GIT_DEVOPS\Demo_GIT\cpcgnu64\calculator.ccf
DCP D:\HCL_GIT_DEVOPS\Demo_GIT\cpcgnu64\calculator.dcp
TZF D:\HCL_GIT_DEVOPS\Demo_GIT\cpcgnu64\calculator.tzf
DUM cpcgnu64\\calculator.spt.bak
DUM cpcgnu64\atu.cio
DUM calculator.atc.txt
TGX D:\HCL_GIT_DEVOPS\Demo_GIT\cpcgnu64\calculator.tgf.html
TGJ D:\HCL_GIT_DEVOPS\Demo_GIT\cpcgnu64\calculator.tgf.json
DCX D:\HCL_GIT_DEVOPS\Demo_GIT\cpcgnu64\calculator.dcp.html
DCJ D:\HCL_GIT_DEVOPS\Demo_GIT\cpcgnu64\calculator.dcp.json
TZX D:\HCL_GIT_DEVOPS\Demo_GIT\cpcgnu64\calculator.tzf.html
TZJ D:\HCL_GIT_DEVOPS\Demo_GIT\cpcgnu64\calculator.tzf.json
TQX D:\HCL_GIT_DEVOPS\Demo_GIT\cpcgnu64\calculator.tqf.html
TQJ D:\HCL_GIT_DEVOPS\Demo_GIT\cpcgnu64\calculator.tqf.json
RI2 D:\HCL_GIT_DEVOPS\Demo_GIT\.ri2
